Using pre-set license
Built from '2020.3/release' branch; Version is '2020.3.12f1 (b3b2c6512326) revision 11776710'; Using compiler version '192528614'; Build Type 'Release'
OS: 'Windows 10 Pro; OS build 19042.1165; Version 2009; 64bit' Language: 'en' Physical Memory: 8123 MB
BatchMode: 1, IsHumanControllingUs: 0, StartBugReporterOnCrash: 0, Is64bit: 1, IsPro: 0

 COMMAND LINE ARGUMENTS:
C:\Program Files\Unity\Hub\Editor\2020.3.12f1\Editor\Unity.exe
-adb2
-batchMode
-noUpm
-name
AssetImportWorker0
-projectPath
C:/Users/tolso/OneDrive/Documents/Anything Game Related/XudioGames/Cactus Clicker/Cactus Clciker
-logFile
Logs/AssetImportWorker0.log
-srvPort
58655
Successfully changed project path to: C:/Users/tolso/OneDrive/Documents/Anything Game Related/XudioGames/Cactus Clicker/Cactus Clciker
C:/Users/tolso/OneDrive/Documents/Anything Game Related/XudioGames/Cactus Clicker/Cactus Clciker
Using Asset Import Pipeline V2.
Refreshing native plugins compatible for Editor in 24.67 ms, found 2 plugins.
Preloading 0 native plugins for Editor in 0.00 ms.
Initialize engine version: 2020.3.12f1 (b3b2c6512326)
[Subsystems] Discovering subsystems at path C:/Program Files/Unity/Hub/Editor/2020.3.12f1/Editor/Data/Resources/UnitySubsystems
[Subsystems] Discovering subsystems at path C:/Users/tolso/OneDrive/Documents/Anything Game Related/XudioGames/Cactus Clicker/Cactus Clciker/Assets
GfxDevice: creating device client; threaded=0
Direct3D:
    Version:  Direct3D 11.0 [level 11.1]
    Renderer: Radeon RX 570 Series (ID=0x67df)
    Vendor:   
    VRAM:     4041 MB
    Driver:   23.20.832.0
Initialize mono
Mono path[0] = 'C:/Program Files/Unity/Hub/Editor/2020.3.12f1/Editor/Data/Managed'
Mono path[1] = 'C:/Program Files/Unity/Hub/Editor/2020.3.12f1/Editor/Data/MonoBleedingEdge/lib/mono/unityjit'
Mono config path = 'C:/Program Files/Unity/Hub/Editor/2020.3.12f1/Editor/Data/MonoBleedingEdge/etc'
Using monoOptions --debugger-agent=transport=dt_socket,embedding=1,server=y,suspend=n,address=127.0.0.1:56848
Begin MonoManager ReloadAssembly
Registering precompiled unity dll's ...
Register platform support module: C:/Program Files/Unity/Hub/Editor/2020.3.12f1/Editor/Data/PlaybackEngines/WindowsStandaloneSupport/UnityEditor.WindowsStandalone.Extensions.dll
Registered in 0.001634 seconds.
Native extension for WindowsStandalone target not found
Refreshing native plugins compatible for Editor in 24.27 ms, found 2 plugins.
Preloading 0 native plugins for Editor in 0.00 ms.
Mono: successfully reloaded assembly
- Completed reload, in  1.540 seconds
Platform modules already initialized, skipping
Registering precompiled user dll's ...
Registered in 0.003228 seconds.
Begin MonoManager ReloadAssembly
Native extension for WindowsStandalone target not found
Refreshing native plugins compatible for Editor in 0.33 ms, found 2 plugins.
Preloading 0 native plugins for Editor in 0.00 ms.
Mono: successfully reloaded assembly
- Completed reload, in  0.807 seconds
Platform modules already initialized, skipping
========================================================================
Worker process is ready to serve import requests
Launched and connected shader compiler UnityShaderCompiler.exe after 0.03 seconds
Refreshing native plugins compatible for Editor in 0.35 ms, found 2 plugins.
Preloading 0 native plugins for Editor in 0.00 ms.
Unloading 1386 Unused Serialized files (Serialized files now loaded: 0)
System memory in use before: 65.1 MB.
System memory in use after: 65.2 MB.

Unloading 19 unused Assets to reduce memory usage. Loaded Objects now: 1819.
Total: 1.733500 ms (FindLiveObjects: 0.148800 ms CreateObjectMapping: 0.031300 ms MarkObjects: 1.477700 ms  DeleteObjects: 0.074300 ms)

AssetImportParameters requested are different than current active one (requested -> active):
  custom:framework-win-MediaFoundation: 216162199b28c13a410421893ffa2e32 -> 
  custom:video-decoder-ogg-theora: a1e56fd34408186e4bbccfd4996cb3dc -> 
  custom:container-muxer-webm: aa71ff27fc2769a1b78a27578f13a17b -> 
  custom:container-demuxer-webm: 4f35f7cbe854078d1ac9338744f61a02 -> 
  custom:container-demuxer-ogg: 62fdf1f143b41e24485cea50d1cbac27 -> 
  custom:video-encoder-webm-vp8: eb34c28f22e8b96e1ab97ce403110664 -> 
  custom:video-decoder-webm-vp8: 9c59270c3fd7afecdb556c50c9e8de78 -> 
  custom:audio-decoder-ogg-vorbis: bf7c407c2cedff20999df2af8eb42d56 -> 
  custom:audio-encoder-webm-vorbis: bf7c407c2cedff20999df2af8eb42d56 -> 
========================================================================
Received Import Request.
  path: Assets
  artifactKey: Guid(00000000000000001000000000000000) Importer(815301076,1909f56bfc062723c751e8b465ee728b)
Start importing Assets using Guid(00000000000000001000000000000000) Importer(815301076,1909f56bfc062723c751e8b465ee728b)  -> (artifact id: '42d402b061de3733987d63b9cc3b64de') in 0.008858 seconds 
  Import took 0.011251 seconds .

========================================================================
Received Import Request.
  Time since last request: 2.077640 seconds.
  path: Assets/3D Models
  artifactKey: Guid(ebc5f1dd530b8cd4ebbc03348544055a) Importer(815301076,1909f56bfc062723c751e8b465ee728b)
Start importing Assets/3D Models using Guid(ebc5f1dd530b8cd4ebbc03348544055a) Importer(815301076,1909f56bfc062723c751e8b465ee728b)  -> (artifact id: 'a8f22d1faf3ade926ebc087ee958b0fe') in 0.005959 seconds 
  Import took 0.008187 seconds .

========================================================================
Received Import Request.
  Time since last request: 17.950084 seconds.
  path: Assets/3D Models/Cactus_1.mtl
  artifactKey: Guid(500b569f7ab742243af320e7d7eb0ad0) Importer(815301076,1909f56bfc062723c751e8b465ee728b)
Start importing Assets/3D Models/Cactus_1.mtl using Guid(500b569f7ab742243af320e7d7eb0ad0) Importer(815301076,1909f56bfc062723c751e8b465ee728b)  -> (artifact id: 'eef3b0a2fb541ed255bb3b1e0a4dbbee') in 0.026155 seconds 
  Import took 0.028334 seconds .

========================================================================
Received Import Request.
  Time since last request: 12.759374 seconds.
  path: Assets/3D Models/Cactus_1.obj
  artifactKey: Guid(9149897f6caf33845ae6f16be82b3331) Importer(815301076,1909f56bfc062723c751e8b465ee728b)
Start importing Assets/3D Models/Cactus_1.obj using Guid(9149897f6caf33845ae6f16be82b3331) Importer(815301076,1909f56bfc062723c751e8b465ee728b)  -> (artifact id: 'd5e50e73f3c8d1d2402a79e5669e5b74') in 0.320844 seconds 
  Import took 0.323967 seconds .

========================================================================
Received Import Request.
  Time since last request: 17.106254 seconds.
  path: Assets/3D Models/Cactus_2.obj
  artifactKey: Guid(1e48e1c9a0a879b47a64640600d2fa42) Importer(815301076,1909f56bfc062723c751e8b465ee728b)
Start importing Assets/3D Models/Cactus_2.obj using Guid(1e48e1c9a0a879b47a64640600d2fa42) Importer(815301076,1909f56bfc062723c751e8b465ee728b)  -> (artifact id: '0c161204dbea3de70bcdce3ed5807f11') in 0.023187 seconds 
  Import took 0.026792 seconds .

========================================================================
Received Import Request.
  Time since last request: 1.192280 seconds.
  path: Assets/3D Models/Cactus_3.obj
  artifactKey: Guid(ec8b824c858fd9b42b5ef816c3353698) Importer(815301076,1909f56bfc062723c751e8b465ee728b)
Start importing Assets/3D Models/Cactus_3.obj using Guid(ec8b824c858fd9b42b5ef816c3353698) Importer(815301076,1909f56bfc062723c751e8b465ee728b)  -> (artifact id: '865e11faf5dc5dd9a11811de1ce5d785') in 0.022745 seconds 
  Import took 0.025701 seconds .

========================================================================
Received Import Request.
  Time since last request: 1.067093 seconds.
  path: Assets/3D Models/Cactus_4.obj
  artifactKey: Guid(ecf743b13cb197144adfe2cad306be74) Importer(815301076,1909f56bfc062723c751e8b465ee728b)
Start importing Assets/3D Models/Cactus_4.obj using Guid(ecf743b13cb197144adfe2cad306be74) Importer(815301076,1909f56bfc062723c751e8b465ee728b)  -> (artifact id: '6dd6e6c1212f748c38c0cc65b8ca8f50') in 0.021992 seconds 
  Import took 0.024706 seconds .

========================================================================
Received Import Request.
  Time since last request: 1.022050 seconds.
  path: Assets/3D Models/Cactus_5.obj
  artifactKey: Guid(f53a3a376be165b49a02b47b32ab19e2) Importer(815301076,1909f56bfc062723c751e8b465ee728b)
Start importing Assets/3D Models/Cactus_5.obj using Guid(f53a3a376be165b49a02b47b32ab19e2) Importer(815301076,1909f56bfc062723c751e8b465ee728b)  -> (artifact id: '340fd484aabf29552674c0595fdcece9') in 0.022398 seconds 
  Import took 0.025088 seconds .

========================================================================
Received Import Request.
  Time since last request: 2.571283 seconds.
  path: Assets/3D Models/CactusFlower_1.obj
  artifactKey: Guid(7c077b918681c8e47865be9207dc2731) Importer(815301076,1909f56bfc062723c751e8b465ee728b)
Start importing Assets/3D Models/CactusFlower_1.obj using Guid(7c077b918681c8e47865be9207dc2731) Importer(815301076,1909f56bfc062723c751e8b465ee728b)  -> (artifact id: 'eaf4448dc7de73b79f5e026a47190502') in 0.024005 seconds 
  Import took 0.026862 seconds .

========================================================================
Received Import Request.
  Time since last request: 2.164801 seconds.
  path: Assets/3D Models/CactusFlowers_2.obj
  artifactKey: Guid(ef64843b6d293ed4d81df2b63b6e9d1b) Importer(815301076,1909f56bfc062723c751e8b465ee728b)
Start importing Assets/3D Models/CactusFlowers_2.obj using Guid(ef64843b6d293ed4d81df2b63b6e9d1b) Importer(815301076,1909f56bfc062723c751e8b465ee728b)  -> (artifact id: '7461eae2b96f7fa6cb8dae653e1cec7f') in 0.020928 seconds 
  Import took 0.023404 seconds .

========================================================================
Received Import Request.
  Time since last request: 38.275035 seconds.
  path: Assets/3D Models/Cactus_2.obj
  artifactKey: Guid(1e48e1c9a0a879b47a64640600d2fa42) Importer(815301076,1909f56bfc062723c751e8b465ee728b)
Start importing Assets/3D Models/Cactus_2.obj using Guid(1e48e1c9a0a879b47a64640600d2fa42) Importer(815301076,1909f56bfc062723c751e8b465ee728b)  -> (artifact id: '1196ef53b5188fa62d5cf129c0f9d011') in 0.017660 seconds 
  Import took 0.020453 seconds .

========================================================================
Received Import Request.
  Time since last request: 0.000195 seconds.
  path: Assets/3D Models/Cactus_3.obj
  artifactKey: Guid(ec8b824c858fd9b42b5ef816c3353698) Importer(815301076,1909f56bfc062723c751e8b465ee728b)
Start importing Assets/3D Models/Cactus_3.obj using Guid(ec8b824c858fd9b42b5ef816c3353698) Importer(815301076,1909f56bfc062723c751e8b465ee728b)  -> (artifact id: 'cc94bf152c6cc360572085c7ea473718') in 0.022321 seconds 
  Import took 0.024271 seconds .

========================================================================
Received Import Request.
  Time since last request: 0.000192 seconds.
  path: Assets/3D Models/CactusFlowers_5.obj
  artifactKey: Guid(3309b31591f504e469fe0b82bb4856cf) Importer(815301076,1909f56bfc062723c751e8b465ee728b)
Start importing Assets/3D Models/CactusFlowers_5.obj using Guid(3309b31591f504e469fe0b82bb4856cf) Importer(815301076,1909f56bfc062723c751e8b465ee728b)  -> (artifact id: 'f3cc88f4dd665759551a7987a63ce6a5') in 0.023342 seconds 
  Import took 0.025675 seconds .

========================================================================
Received Import Request.
  Time since last request: 0.000184 seconds.
  path: Assets/3D Models/Cactus_4.obj
  artifactKey: Guid(ecf743b13cb197144adfe2cad306be74) Importer(815301076,1909f56bfc062723c751e8b465ee728b)
Start importing Assets/3D Models/Cactus_4.obj using Guid(ecf743b13cb197144adfe2cad306be74) Importer(815301076,1909f56bfc062723c751e8b465ee728b)  -> (artifact id: '723ac81234239bb064e0965e1b552c44') in 0.019764 seconds 
  Import took 0.021982 seconds .

========================================================================
Received Import Request.
  Time since last request: 0.000191 seconds.
  path: Assets/3D Models/CactusFlower_1.obj
  artifactKey: Guid(7c077b918681c8e47865be9207dc2731) Importer(815301076,1909f56bfc062723c751e8b465ee728b)
Start importing Assets/3D Models/CactusFlower_1.obj using Guid(7c077b918681c8e47865be9207dc2731) Importer(815301076,1909f56bfc062723c751e8b465ee728b)  -> (artifact id: '2a9355131ba2637e416280f6cb3a6c1c') in 0.020655 seconds 
  Import took 0.022721 seconds .

========================================================================
Received Import Request.
  Time since last request: 0.000212 seconds.
  path: Assets/3D Models/CactusFlowers_4.obj
  artifactKey: Guid(c572996bd6a75b04aa92c742262d3bfd) Importer(815301076,1909f56bfc062723c751e8b465ee728b)
Start importing Assets/3D Models/CactusFlowers_4.obj using Guid(c572996bd6a75b04aa92c742262d3bfd) Importer(815301076,1909f56bfc062723c751e8b465ee728b)  -> (artifact id: '696e32a8eae32a088546bcff99f2abdf') in 0.025403 seconds 
  Import took 0.027816 seconds .

========================================================================
Received Import Request.
  Time since last request: 0.000202 seconds.
  path: Assets/3D Models/Cactus_5.obj
  artifactKey: Guid(f53a3a376be165b49a02b47b32ab19e2) Importer(815301076,1909f56bfc062723c751e8b465ee728b)
Start importing Assets/3D Models/Cactus_5.obj using Guid(f53a3a376be165b49a02b47b32ab19e2) Importer(815301076,1909f56bfc062723c751e8b465ee728b)  -> (artifact id: '3677765e4a78187f66cd52fc3b0d2e2d') in 0.025254 seconds 
  Import took 0.027662 seconds .

========================================================================
Received Import Request.
  Time since last request: 0.000189 seconds.
  path: Assets/3D Models/CactusFlowers_3.obj
  artifactKey: Guid(eadf96fff03f20a488acae31d4131331) Importer(815301076,1909f56bfc062723c751e8b465ee728b)
Start importing Assets/3D Models/CactusFlowers_3.obj using Guid(eadf96fff03f20a488acae31d4131331) Importer(815301076,1909f56bfc062723c751e8b465ee728b)  -> (artifact id: '63419a09c2623312a88e5d9a8c445571') in 0.021463 seconds 
  Import took 0.023994 seconds .

========================================================================
Received Import Request.
  Time since last request: 0.000204 seconds.
  path: Assets/3D Models/CactusFlowers_2.obj
  artifactKey: Guid(ef64843b6d293ed4d81df2b63b6e9d1b) Importer(815301076,1909f56bfc062723c751e8b465ee728b)
Start importing Assets/3D Models/CactusFlowers_2.obj using Guid(ef64843b6d293ed4d81df2b63b6e9d1b) Importer(815301076,1909f56bfc062723c751e8b465ee728b)  -> (artifact id: 'afc29b2268dbbf898a7da3a8bd55bb59') in 0.023119 seconds 
  Import took 0.025697 seconds .

========================================================================
Received Import Request.
  Time since last request: 329.512476 seconds.
  path: Assets/dirt.mat
  artifactKey: Guid(dc750e47e38a1d94da839be84ded7734) Importer(815301076,1909f56bfc062723c751e8b465ee728b)
Start importing Assets/dirt.mat using Guid(dc750e47e38a1d94da839be84ded7734) Importer(815301076,1909f56bfc062723c751e8b465ee728b)  -> (artifact id: '60b0d398ddd8d8dd8d64769e30bf36b0') in 0.016337 seconds 
  Import took 0.018711 seconds .

========================================================================
Received Import Request.
  Time since last request: 7.781000 seconds.
  path: Assets/dirt.mat
  artifactKey: Guid(dc750e47e38a1d94da839be84ded7734) Importer(815301076,1909f56bfc062723c751e8b465ee728b)
Start importing Assets/dirt.mat using Guid(dc750e47e38a1d94da839be84ded7734) Importer(815301076,1909f56bfc062723c751e8b465ee728b)  -> (artifact id: '0f3c70442047988c649e3746df26882d') in 0.009844 seconds 
  Import took 0.012317 seconds .

========================================================================
Received Prepare
Registering precompiled user dll's ...
Registered in 0.003433 seconds.
Begin MonoManager ReloadAssembly
Native extension for WindowsStandalone target not found
Refreshing native plugins compatible for Editor in 0.34 ms, found 2 plugins.
Preloading 0 native plugins for Editor in 0.00 ms.
Mono: successfully reloaded assembly
- Completed reload, in  0.735 seconds
Platform modules already initialized, skipping
Refreshing native plugins compatible for Editor in 0.38 ms, found 2 plugins.
Preloading 0 native plugins for Editor in 0.00 ms.
Unloading 1384 Unused Serialized files (Serialized files now loaded: 0)
System memory in use before: 68.9 MB.
System memory in use after: 68.9 MB.

Unloading 15 unused Assets to reduce memory usage. Loaded Objects now: 1867.
Total: 1.915100 ms (FindLiveObjects: 0.161800 ms CreateObjectMapping: 0.034400 ms MarkObjects: 1.633600 ms  DeleteObjects: 0.084200 ms)

AssetImportParameters requested are different than current active one (requested -> active):
  custom:framework-win-MediaFoundation: 216162199b28c13a410421893ffa2e32 -> 
  custom:video-decoder-ogg-theora: a1e56fd34408186e4bbccfd4996cb3dc -> 
  custom:container-muxer-webm: aa71ff27fc2769a1b78a27578f13a17b -> 
  custom:container-demuxer-webm: 4f35f7cbe854078d1ac9338744f61a02 -> 
  custom:container-demuxer-ogg: 62fdf1f143b41e24485cea50d1cbac27 -> 
  custom:video-encoder-webm-vp8: eb34c28f22e8b96e1ab97ce403110664 -> 
  custom:video-decoder-webm-vp8: 9c59270c3fd7afecdb556c50c9e8de78 -> 
  custom:audio-decoder-ogg-vorbis: bf7c407c2cedff20999df2af8eb42d56 -> 
  custom:audio-encoder-webm-vorbis: bf7c407c2cedff20999df2af8eb42d56 -> 
========================================================================
Received Import Request.
  Time since last request: 118.385707 seconds.
  path: Assets/FirstPersion AIO Pack/DemoScene/Models/Computer.fbx
  artifactKey: Guid(1656095b7c691ba41a1316eb81813cd9) Importer(815301076,1909f56bfc062723c751e8b465ee728b)
Start importing Assets/FirstPersion AIO Pack/DemoScene/Models/Computer.fbx using Guid(1656095b7c691ba41a1316eb81813cd9) Importer(815301076,1909f56bfc062723c751e8b465ee728b)  -> (artifact id: '4b8acb463b15d660e4964d7488c3364d') in 0.073287 seconds 
  Import took 0.075705 seconds .

========================================================================
Received Import Request.
  Time since last request: 0.000199 seconds.
  path: Assets/FirstPersion AIO Pack/DemoScene/Models/Props.fbx
  artifactKey: Guid(d13b23452d2513642bbee06d75de3fb0) Importer(815301076,1909f56bfc062723c751e8b465ee728b)
Start importing Assets/FirstPersion AIO Pack/DemoScene/Models/Props.fbx using Guid(d13b23452d2513642bbee06d75de3fb0) Importer(815301076,1909f56bfc062723c751e8b465ee728b)  -> (artifact id: 'bab08551d31cf9f137538c36a60c277d') in 0.106121 seconds 
  Import took 0.108753 seconds .

========================================================================
Received Import Request.
  Time since last request: 0.000183 seconds.
  path: Assets/FirstPersion AIO Pack/DemoScene/Models/Computer.fbx
  artifactKey: Guid(1656095b7c691ba41a1316eb81813cd9) Importer(815301076,1909f56bfc062723c751e8b465ee728b)
Start importing Assets/FirstPersion AIO Pack/DemoScene/Models/Computer.fbx using Guid(1656095b7c691ba41a1316eb81813cd9) Importer(815301076,1909f56bfc062723c751e8b465ee728b)  -> (artifact id: '4b8acb463b15d660e4964d7488c3364d') in 0.027200 seconds 
  Import took 0.029774 seconds .

========================================================================
Received Import Request.
  Time since last request: 0.000184 seconds.
  path: Assets/FirstPersion AIO Pack/DemoScene/Models/OfficeRoom.fbx
  artifactKey: Guid(7424cd104a384f54db0a95f45453ee64) Importer(815301076,1909f56bfc062723c751e8b465ee728b)
Start importing Assets/FirstPersion AIO Pack/DemoScene/Models/OfficeRoom.fbx using Guid(7424cd104a384f54db0a95f45453ee64) Importer(815301076,1909f56bfc062723c751e8b465ee728b)  -> (artifact id: 'd1391cb4b05d793a96a60b8ab2446b73') in 0.068866 seconds 
  Import took 0.071100 seconds .

========================================================================
Received Import Request.
  Time since last request: 0.001590 seconds.
  path: Assets/FirstPersion AIO Pack/DemoScene/Models/OfficeRoom.fbx
  artifactKey: Guid(7424cd104a384f54db0a95f45453ee64) Importer(815301076,1909f56bfc062723c751e8b465ee728b)
Start importing Assets/FirstPersion AIO Pack/DemoScene/Models/OfficeRoom.fbx using Guid(7424cd104a384f54db0a95f45453ee64) Importer(815301076,1909f56bfc062723c751e8b465ee728b)  -> (artifact id: 'd1391cb4b05d793a96a60b8ab2446b73') in 0.065304 seconds 
  Import took 0.067782 seconds .

========================================================================
Received Import Request.
  Time since last request: 1.808649 seconds.
  path: Assets/FirstPersion AIO Pack/FirstPersonAIO
  artifactKey: Guid(4e8e8b0393bf92341b3d06aca6eb6993) Importer(815301076,1909f56bfc062723c751e8b465ee728b)
Start importing Assets/FirstPersion AIO Pack/FirstPersonAIO using Guid(4e8e8b0393bf92341b3d06aca6eb6993) Importer(815301076,1909f56bfc062723c751e8b465ee728b)  -> (artifact id: '4004ee61c7993f9a2f81d5739cb69455') in 0.005502 seconds 
  Import took 0.007743 seconds .

========================================================================
Received Import Request.
  Time since last request: 0.064570 seconds.
  path: Assets/FirstPersion AIO Pack/FirstPersonAIO/FirstPerson-AIO.prefab
  artifactKey: Guid(2e62f5703e5f8d2488a5e1bc8433be41) Importer(815301076,1909f56bfc062723c751e8b465ee728b)
Start importing Assets/FirstPersion AIO Pack/FirstPersonAIO/FirstPerson-AIO.prefab using Guid(2e62f5703e5f8d2488a5e1bc8433be41) Importer(815301076,1909f56bfc062723c751e8b465ee728b)  -> (artifact id: 'b4bca4a0833613e03ef07c788d38ef4b') in 0.020986 seconds 
  Import took 0.023533 seconds .

========================================================================
Received Import Request.
  Time since last request: 8.904770 seconds.
  path: Assets/FirstPersion AIO Pack
  artifactKey: Guid(cfc2eabe99113aa42a6e2ae041c3199e) Importer(815301076,1909f56bfc062723c751e8b465ee728b)
Start importing Assets/FirstPersion AIO Pack using Guid(cfc2eabe99113aa42a6e2ae041c3199e) Importer(815301076,1909f56bfc062723c751e8b465ee728b)  -> (artifact id: 'c74f70279ed35c95a180e3138e3bc24b') in 0.006239 seconds 
  Import took 0.010770 seconds .

========================================================================
Received Prepare
Registering precompiled user dll's ...
Registered in 0.003102 seconds.
Begin MonoManager ReloadAssembly
Native extension for WindowsStandalone target not found
Refreshing native plugins compatible for Editor in 0.34 ms, found 2 plugins.
Preloading 0 native plugins for Editor in 0.00 ms.
Mono: successfully reloaded assembly
- Completed reload, in  0.738 seconds
Platform modules already initialized, skipping
Refreshing native plugins compatible for Editor in 0.32 ms, found 2 plugins.
Preloading 0 native plugins for Editor in 0.00 ms.
Unloading 1384 Unused Serialized files (Serialized files now loaded: 0)
System memory in use before: 69.0 MB.
System memory in use after: 69.1 MB.

Unloading 16 unused Assets to reduce memory usage. Loaded Objects now: 1871.
Total: 1.749800 ms (FindLiveObjects: 0.152700 ms CreateObjectMapping: 0.032600 ms MarkObjects: 1.489600 ms  DeleteObjects: 0.073600 ms)

AssetImportParameters requested are different than current active one (requested -> active):
  custom:framework-win-MediaFoundation: 216162199b28c13a410421893ffa2e32 -> 
  custom:video-decoder-ogg-theora: a1e56fd34408186e4bbccfd4996cb3dc -> 
  custom:container-muxer-webm: aa71ff27fc2769a1b78a27578f13a17b -> 
  custom:container-demuxer-webm: 4f35f7cbe854078d1ac9338744f61a02 -> 
  custom:container-demuxer-ogg: 62fdf1f143b41e24485cea50d1cbac27 -> 
  custom:video-encoder-webm-vp8: eb34c28f22e8b96e1ab97ce403110664 -> 
  custom:video-decoder-webm-vp8: 9c59270c3fd7afecdb556c50c9e8de78 -> 
  custom:audio-decoder-ogg-vorbis: bf7c407c2cedff20999df2af8eb42d56 -> 
  custom:audio-encoder-webm-vorbis: bf7c407c2cedff20999df2af8eb42d56 -> 
========================================================================
Received Import Request.
  Time since last request: 64.499874 seconds.
  path: ProjectSettings/TagManager.asset
  artifactKey: Guid(00000000000000003000000000000000) Importer(815301076,1909f56bfc062723c751e8b465ee728b)
Start importing ProjectSettings/TagManager.asset using Guid(00000000000000003000000000000000) Importer(815301076,1909f56bfc062723c751e8b465ee728b)  -> (artifact id: 'ce6a35c3cddc746e7501c0bd0ed6d4ce') in 0.014415 seconds 
  Import took 0.016850 seconds .

========================================================================
Received Import Request.
  Time since last request: 103.601358 seconds.
  path: Assets/Scripts
  artifactKey: Guid(2911770b4c5d4054f9be4ab51220bea5) Importer(815301076,1909f56bfc062723c751e8b465ee728b)
Start importing Assets/Scripts using Guid(2911770b4c5d4054f9be4ab51220bea5) Importer(815301076,1909f56bfc062723c751e8b465ee728b)  -> (artifact id: 'cb99032055e9166605428a3c08c1cb97') in 0.006643 seconds 
  Import took 0.008992 seconds .

========================================================================
Received Import Request.
  Time since last request: 6.801030 seconds.
  path: Assets/Scripts/Game Manager Scripts
  artifactKey: Guid(5a8f58af737394549a68971f6b8b70b0) Importer(815301076,1909f56bfc062723c751e8b465ee728b)
Start importing Assets/Scripts/Game Manager Scripts using Guid(5a8f58af737394549a68971f6b8b70b0) Importer(815301076,1909f56bfc062723c751e8b465ee728b)  -> (artifact id: '53111ec297f2de3886625fe3daab71a2') in 0.008007 seconds 
  Import took 0.010325 seconds .

========================================================================
Received Import Request.
  Time since last request: 8.624471 seconds.
  path: Assets/Scripts/Game Manager Scripts/CactusList.cs
  artifactKey: Guid(3ef1bec8a9b438f4cbc00e41844dbf9d) Importer(815301076,1909f56bfc062723c751e8b465ee728b)
Start importing Assets/Scripts/Game Manager Scripts/CactusList.cs using Guid(3ef1bec8a9b438f4cbc00e41844dbf9d) Importer(815301076,1909f56bfc062723c751e8b465ee728b)  -> (artifact id: '6f35ac668cd870a4676a392c95947153') in 0.014434 seconds 
  Import took 0.016608 seconds .

========================================================================
Received Prepare
Registering precompiled user dll's ...
Registered in 0.003054 seconds.
Begin MonoManager ReloadAssembly
Native extension for WindowsStandalone target not found
Refreshing native plugins compatible for Editor in 0.36 ms, found 2 plugins.
Preloading 0 native plugins for Editor in 0.00 ms.
Mono: successfully reloaded assembly
- Completed reload, in  0.742 seconds
Platform modules already initialized, skipping
Refreshing native plugins compatible for Editor in 0.33 ms, found 2 plugins.
Preloading 0 native plugins for Editor in 0.00 ms.
Unloading 1385 Unused Serialized files (Serialized files now loaded: 0)
System memory in use before: 69.1 MB.
System memory in use after: 69.1 MB.

Unloading 16 unused Assets to reduce memory usage. Loaded Objects now: 1875.
Total: 1.740200 ms (FindLiveObjects: 0.144300 ms CreateObjectMapping: 0.032300 ms MarkObjects: 1.492700 ms  DeleteObjects: 0.070000 ms)

AssetImportParameters requested are different than current active one (requested -> active):
  custom:framework-win-MediaFoundation: 216162199b28c13a410421893ffa2e32 -> 
  custom:video-decoder-ogg-theora: a1e56fd34408186e4bbccfd4996cb3dc -> 
  custom:container-muxer-webm: aa71ff27fc2769a1b78a27578f13a17b -> 
  custom:container-demuxer-webm: 4f35f7cbe854078d1ac9338744f61a02 -> 
  custom:container-demuxer-ogg: 62fdf1f143b41e24485cea50d1cbac27 -> 
  custom:video-encoder-webm-vp8: eb34c28f22e8b96e1ab97ce403110664 -> 
  custom:video-decoder-webm-vp8: 9c59270c3fd7afecdb556c50c9e8de78 -> 
  custom:audio-decoder-ogg-vorbis: bf7c407c2cedff20999df2af8eb42d56 -> 
  custom:audio-encoder-webm-vorbis: bf7c407c2cedff20999df2af8eb42d56 -> 
========================================================================
Received Import Request.
  Time since last request: 6.758952 seconds.
  path: Assets/Scripts/Game Manager Scripts/GameManager
  artifactKey: Guid(8a1c898275f7eeb41a412148ecd59d31) Importer(815301076,1909f56bfc062723c751e8b465ee728b)
Start importing Assets/Scripts/Game Manager Scripts/GameManager using Guid(8a1c898275f7eeb41a412148ecd59d31) Importer(815301076,1909f56bfc062723c751e8b465ee728b)  -> (artifact id: 'ef37360f6363ea1056a2368fc500eb2d') in 0.007940 seconds 
  Import took 0.010189 seconds .

========================================================================
Received Import Request.
  Time since last request: 0.000783 seconds.
  path: Assets/Scripts/Game Manager Scripts/GameManager
  artifactKey: Guid(8a1c898275f7eeb41a412148ecd59d31) Importer(815301076,1909f56bfc062723c751e8b465ee728b)
Start importing Assets/Scripts/Game Manager Scripts/GameManager using Guid(8a1c898275f7eeb41a412148ecd59d31) Importer(815301076,1909f56bfc062723c751e8b465ee728b)  -> (artifact id: 'ef37360f6363ea1056a2368fc500eb2d') in 0.001756 seconds 
  Import took 0.003194 seconds .

========================================================================
Received Import Request.
  Time since last request: 9.637449 seconds.
  path: Assets/Scripts/Game Manager Scripts/GameManager.cs
  artifactKey: Guid(4e7414f1d1315444abb7941b5942936a) Importer(815301076,1909f56bfc062723c751e8b465ee728b)
Start importing Assets/Scripts/Game Manager Scripts/GameManager.cs using Guid(4e7414f1d1315444abb7941b5942936a) Importer(815301076,1909f56bfc062723c751e8b465ee728b)  -> (artifact id: '527c669035125bc3142edd9e89a7619a') in 0.001822 seconds 
  Import took 0.003898 seconds .

========================================================================
Received Prepare
Registering precompiled user dll's ...
Registered in 0.003025 seconds.
Begin MonoManager ReloadAssembly
Native extension for WindowsStandalone target not found
Refreshing native plugins compatible for Editor in 0.34 ms, found 2 plugins.
Preloading 0 native plugins for Editor in 0.00 ms.
Mono: successfully reloaded assembly
- Completed reload, in  0.754 seconds
Platform modules already initialized, skipping
Refreshing native plugins compatible for Editor in 0.33 ms, found 2 plugins.
Preloading 0 native plugins for Editor in 0.00 ms.
Unloading 1386 Unused Serialized files (Serialized files now loaded: 0)
System memory in use before: 69.1 MB.
System memory in use after: 69.1 MB.

Unloading 15 unused Assets to reduce memory usage. Loaded Objects now: 1879.
Total: 1.731600 ms (FindLiveObjects: 0.157100 ms CreateObjectMapping: 0.034300 ms MarkObjects: 1.469800 ms  DeleteObjects: 0.069500 ms)

AssetImportParameters requested are different than current active one (requested -> active):
  custom:framework-win-MediaFoundation: 216162199b28c13a410421893ffa2e32 -> 
  custom:video-decoder-ogg-theora: a1e56fd34408186e4bbccfd4996cb3dc -> 
  custom:container-muxer-webm: aa71ff27fc2769a1b78a27578f13a17b -> 
  custom:container-demuxer-webm: 4f35f7cbe854078d1ac9338744f61a02 -> 
  custom:container-demuxer-ogg: 62fdf1f143b41e24485cea50d1cbac27 -> 
  custom:video-encoder-webm-vp8: eb34c28f22e8b96e1ab97ce403110664 -> 
  custom:video-decoder-webm-vp8: 9c59270c3fd7afecdb556c50c9e8de78 -> 
  custom:audio-decoder-ogg-vorbis: bf7c407c2cedff20999df2af8eb42d56 -> 
  custom:audio-encoder-webm-vorbis: bf7c407c2cedff20999df2af8eb42d56 -> 
AssetImportWorkerClient::OnTransportError - code=2 error=End of file
